#
# There is insufficient memory for the Java Runtime Environment to continue.
# Native memory allocation (malloc) failed to allocate 1415408 bytes for Chunk::new
# Possible reasons:
#   The system is out of physical RAM or swap space
#   The process is running with CompressedOops enabled, and the Java Heap may be blocking the growth of the native heap
# Possible solutions:
#   Reduce memory load on the system
#   Increase physical memory or swap space
#   Check if swap backing store is full
#   Decrease Java heap size (-Xmx/-Xms)
#   Decrease number of Java threads
#   Decrease Java thread stack sizes (-Xss)
#   Set larger code cache with -XX:ReservedCodeCacheSize=
#   JVM is running with Unscaled Compressed Oops mode in which the Java heap is
#     placed in the first 4GB address space. The Java Heap base address is the
#     maximum limit for the native heap growth. Please use -XX:HeapBaseMinAddress
#     to set the Java Heap base and to place the Java Heap above 4GB virtual address.
# This output file may be truncated or incomplete.
#
#  Out of Memory Error (arena.cpp:189), pid=8612, tid=18132
#
# JRE version: OpenJDK Runtime Environment (17.0.7) (build 17.0.7+0-b2043.56-10550314)
# Java VM: OpenJDK 64-Bit Server VM (17.0.7+0-b2043.56-10550314, mixed mode, tiered, compressed oops, compressed class ptrs, g1 gc, windows-amd64)
# No core dump will be written. Minidumps are not enabled by default on client versions of Windows
#

---------------  S U M M A R Y ------------

Command Line: --add-opens=java.base/java.util=ALL-UNNAMED --add-opens=java.base/java.lang=ALL-UNNAMED --add-opens=java.base/java.lang.invoke=ALL-UNNAMED --add-opens=java.prefs/java.util.prefs=ALL-UNNAMED --add-opens=java.base/java.nio.charset=ALL-UNNAMED --add-opens=java.base/java.net=ALL-UNNAMED --add-opens=java.base/java.util.concurrent.atomic=ALL-UNNAMED -Xmx2048m -Dfile.encoding=UTF-8 -Duser.country=CO -Duser.language=es -Duser.variant -javaagent:C:\Users\Carlos\.gradle\wrapper\dists\gradle-8.2-bin\bbg7u40eoinfdyxsxr3z4i7ta\gradle-8.2\lib\agents\gradle-instrumentation-agent-8.2.jar org.gradle.launcher.daemon.bootstrap.GradleDaemon 8.2

Host: Intel(R) Core(TM) i3-5005U CPU @ 2.00GHz, 4 cores, 5G,  Windows 10 , 64 bit Build 19041 (10.0.19041.3636)
Time: Thu Jul  4 16:37:08 2024 Hora est. Pacífico, Sudamérica elapsed time: 18.927663 seconds (0d 0h 0m 18s)

---------------  T H R E A D  ---------------

Current thread (0x000001ac57005050):  JavaThread "C2 CompilerThread0" daemon [_thread_in_native, id=18132, stack(0x0000003388900000,0x0000003388a00000)]


Current CompileTask:
C2:  18928 4096       4       groovy.lang.MetaClassImpl$1MOPIter::methodNameAction (325 bytes)

Stack: [0x0000003388900000,0x0000003388a00000]
Native frames: (J=compiled Java code, j=interpreted, Vv=VM code, C=native code)
V  [jvm.dll+0x683bfa]
V  [jvm.dll+0x8430a4]
V  [jvm.dll+0x8449be]
V  [jvm.dll+0x845023]
V  [jvm.dll+0x24ad2f]
V  [jvm.dll+0xac25c]
V  [jvm.dll+0xac82c]
V  [jvm.dll+0x36a187]
V  [jvm.dll+0x334821]
V  [jvm.dll+0x333cca]
V  [jvm.dll+0x21d251]
V  [jvm.dll+0x21c671]
V  [jvm.dll+0x1a605d]
V  [jvm.dll+0x22c148]
V  [jvm.dll+0x22a209]
V  [jvm.dll+0x7f858c]
V  [jvm.dll+0x7f2aea]
V  [jvm.dll+0x682a35]
C  [ucrtbase.dll+0x21bb2]
C  [KERNEL32.DLL+0x17344]
C  [ntdll.dll+0x4cc91]


---------------  P R O C E S S  ---------------

Threads class SMR info:
_java_thread_list=0x000001ac59f4bbe0, length=37, elements={
0x000001ac39590350, 0x000001ac52b4e580, 0x000001ac52b4fe60, 0x000001ac52b98130,
0x000001ac52b98bf0, 0x000001ac52b59d00, 0x000001ac52b5a5c0, 0x000001ac57005050,
0x000001ac57005950, 0x000001ac57011d70, 0x000001ac570e63e0, 0x000001ac5726b740,
0x000001ac57b96a20, 0x000001ac57b93060, 0x000001ac57b93ed0, 0x000001ac57b95bb0,
0x000001ac57b94870, 0x000001ac57b956e0, 0x000001ac57b93530, 0x000001ac57b93a00,
0x000001ac57b943a0, 0x000001ac57b94d40, 0x000001ac57b95210, 0x000001ac57b96080,
0x000001ac57b96550, 0x000001ac592f1670, 0x000001ac592f0cd0, 0x000001ac592f1b40,
0x000001ac592f2010, 0x000001ac592f11a0, 0x000001ac592f29b0, 0x000001ac592efe60,
0x000001ac592f2e80, 0x000001ac592f0330, 0x000001ac592f3350, 0x000001ac592f0800,
0x000001ac592ef990
}

Java Threads: ( => current thread )
  0x000001ac39590350 JavaThread "main" [_thread_blocked, id=17288, stack(0x0000003387c00000,0x0000003387d00000)]
  0x000001ac52b4e580 JavaThread "Reference Handler" daemon [_thread_blocked, id=14580, stack(0x0000003388300000,0x0000003388400000)]
  0x000001ac52b4fe60 JavaThread "Finalizer" daemon [_thread_blocked, id=9952, stack(0x0000003388400000,0x0000003388500000)]
  0x000001ac52b98130 JavaThread "Signal Dispatcher" daemon [_thread_blocked, id=17460, stack(0x0000003388500000,0x0000003388600000)]
  0x000001ac52b98bf0 JavaThread "Attach Listener" daemon [_thread_blocked, id=8416, stack(0x0000003388600000,0x0000003388700000)]
  0x000001ac52b59d00 JavaThread "Service Thread" daemon [_thread_blocked, id=9224, stack(0x0000003388700000,0x0000003388800000)]
  0x000001ac52b5a5c0 JavaThread "Monitor Deflation Thread" daemon [_thread_blocked, id=14924, stack(0x0000003388800000,0x0000003388900000)]
=>0x000001ac57005050 JavaThread "C2 CompilerThread0" daemon [_thread_in_native, id=18132, stack(0x0000003388900000,0x0000003388a00000)]
  0x000001ac57005950 JavaThread "C1 CompilerThread0" daemon [_thread_in_native, id=8256, stack(0x0000003388a00000,0x0000003388b00000)]
  0x000001ac57011d70 JavaThread "Sweeper thread" daemon [_thread_blocked, id=680, stack(0x0000003388b00000,0x0000003388c00000)]
  0x000001ac570e63e0 JavaThread "Common-Cleaner" daemon [_thread_blocked, id=9760, stack(0x0000003388c00000,0x0000003388d00000)]
  0x000001ac5726b740 JavaThread "Notification Thread" daemon [_thread_blocked, id=4352, stack(0x0000003388d00000,0x0000003388e00000)]
  0x000001ac57b96a20 JavaThread "Daemon health stats" [_thread_blocked, id=11992, stack(0x0000003389200000,0x0000003389300000)]
  0x000001ac57b93060 JavaThread "Incoming local TCP Connector on port 64898" [_thread_in_native, id=6152, stack(0x0000003389300000,0x0000003389400000)]
  0x000001ac57b93ed0 JavaThread "Daemon periodic checks" [_thread_blocked, id=10932, stack(0x0000003389400000,0x0000003389500000)]
  0x000001ac57b95bb0 JavaThread "Daemon" [_thread_blocked, id=1404, stack(0x0000003389500000,0x0000003389600000)]
  0x000001ac57b94870 JavaThread "Handler for socket connection from /127.0.0.1:64898 to /127.0.0.1:64899" [_thread_in_native, id=5040, stack(0x0000003389600000,0x0000003389700000)]
  0x000001ac57b956e0 JavaThread "Cancel handler" [_thread_blocked, id=2472, stack(0x0000003389700000,0x0000003389800000)]
  0x000001ac57b93530 JavaThread "Daemon worker" [_thread_in_vm, id=15496, stack(0x0000003389800000,0x0000003389900000)]
  0x000001ac57b93a00 JavaThread "Asynchronous log dispatcher for DefaultDaemonConnection: socket connection from /127.0.0.1:64898 to /127.0.0.1:64899" [_thread_blocked, id=9536, stack(0x0000003389900000,0x0000003389a00000)]
  0x000001ac57b943a0 JavaThread "Stdin handler" [_thread_blocked, id=8820, stack(0x0000003389a00000,0x0000003389b00000)]
  0x000001ac57b94d40 JavaThread "Daemon client event forwarder" [_thread_blocked, id=12744, stack(0x0000003389b00000,0x0000003389c00000)]
  0x000001ac57b95210 JavaThread "Cache worker for journal cache (C:\Users\Carlos\.gradle\caches\journal-1)" [_thread_blocked, id=10624, stack(0x0000003389c00000,0x0000003389d00000)]
  0x000001ac57b96080 JavaThread "File lock request listener" [_thread_in_native, id=3456, stack(0x0000003389d00000,0x0000003389e00000)]
  0x000001ac57b96550 JavaThread "Cache worker for file hash cache (C:\Users\Carlos\.gradle\caches\8.2\fileHashes)" [_thread_blocked, id=7748, stack(0x0000003389e00000,0x0000003389f00000)]
  0x000001ac592f1670 JavaThread "File watcher server" daemon [_thread_in_native, id=13896, stack(0x0000003389f00000,0x000000338a000000)]
  0x000001ac592f0cd0 JavaThread "File watcher consumer" daemon [_thread_blocked, id=11580, stack(0x000000338a000000,0x000000338a100000)]
  0x000001ac592f1b40 JavaThread "jar transforms" [_thread_blocked, id=14472, stack(0x000000338a100000,0x000000338a200000)]
  0x000001ac592f2010 JavaThread "jar transforms Thread 2" [_thread_blocked, id=18112, stack(0x000000338a200000,0x000000338a300000)]
  0x000001ac592f11a0 JavaThread "jar transforms Thread 3" [_thread_blocked, id=7736, stack(0x000000338a300000,0x000000338a400000)]
  0x000001ac592f29b0 JavaThread "jar transforms Thread 4" [_thread_blocked, id=17092, stack(0x000000338a400000,0x000000338a500000)]
  0x000001ac592efe60 JavaThread "Cache worker for checksums cache (C:\Users\Carlos\AndroidStudioProjects\inventario\.gradle\8.2\checksums)" [_thread_blocked, id=16116, stack(0x000000338a500000,0x000000338a600000)]
  0x000001ac592f2e80 JavaThread "Cache worker for cache directory md-rule (C:\Users\Carlos\.gradle\caches\8.2\md-rule)" [_thread_blocked, id=10996, stack(0x000000338a600000,0x000000338a700000)]
  0x000001ac592f0330 JavaThread "Cache worker for file content cache (C:\Users\Carlos\.gradle\caches\8.2\fileContent)" [_thread_blocked, id=7724, stack(0x000000338a700000,0x000000338a800000)]
  0x000001ac592f3350 JavaThread "Cache worker for file hash cache (C:\Users\Carlos\AndroidStudioProjects\inventario\.gradle\8.2\fileHashes)" [_thread_blocked, id=12360, stack(0x000000338a800000,0x000000338a900000)]
  0x000001ac592f0800 JavaThread "Cache worker for cache directory md-supplier (C:\Users\Carlos\.gradle\caches\8.2\md-supplier)" [_thread_blocked, id=7484, stack(0x000000338a900000,0x000000338aa00000)]
  0x000001ac592ef990 JavaThread "Cache worker for execution history cache (C:\Users\Carlos\.gradle\caches\8.2\executionHistory)" [_thread_blocked, id=1824, stack(0x000000338aa00000,0x000000338ab00000)]

Other Threads:
  0x000001ac52b49a30 VMThread "VM Thread" [stack: 0x0000003388200000,0x0000003388300000] [id=10376]
  0x000001ac572d2f10 WatcherThread [stack: 0x0000003388e00000,0x0000003388f00000] [id=6036]
  0x000001ac395ec1b0 GCTaskThread "GC Thread#0" [stack: 0x0000003387d00000,0x0000003387e00000] [id=15700]
  0x000001ac573f8700 GCTaskThread "GC Thread#1" [stack: 0x0000003388f00000,0x0000003389000000] [id=14300]
  0x000001ac5788dc70 GCTaskThread "GC Thread#2" [stack: 0x0000003389000000,0x0000003389100000] [id=2916]
  0x000001ac580359f0 GCTaskThread "GC Thread#3" [stack: 0x0000003389100000,0x0000003389200000] [id=16416]
  0x000001ac395ff7b0 ConcurrentGCThread "G1 Main Marker" [stack: 0x0000003387e00000,0x0000003387f00000] [id=17128]
  0x000001ac396000d0 ConcurrentGCThread "G1 Conc#0" [stack: 0x0000003387f00000,0x0000003388000000] [id=15428]
  0x000001ac39652c40 ConcurrentGCThread "G1 Refine#0" [stack: 0x0000003388000000,0x0000003388100000] [id=9464]
  0x000001ac39653570 ConcurrentGCThread "G1 Service" [stack: 0x0000003388100000,0x0000003388200000] [id=17344]

Threads with active compile tasks:
C2 CompilerThread0    18998 4096       4       groovy.lang.MetaClassImpl$1MOPIter::methodNameAction (325 bytes)

VM state: not at safepoint (normal execution)

VM Mutex/Monitor currently owned by a thread: None

Heap address: 0x0000000080000000, size: 2048 MB, Compressed Oops mode: 32-bit

CDS archive(s) not mapped
Compressed class space mapped at: 0x0000000100000000-0x0000000140000000, reserved size: 1073741824
Narrow klass base: 0x0000000000000000, Narrow klass shift: 3, Narrow klass range: 0x140000000

GC Precious Log:
 CPUs: 4 total, 4 available
 Memory: 6057M
 Large Page Support: Disabled
 NUMA Support: Disabled
 Compressed Oops: Enabled (32-bit)
 Heap Region Size: 1M
 Heap Min Capacity: 8M
 Heap Initial Capacity: 96M
 Heap Max Capacity: 2G
 Pre-touch: Disabled
 Parallel Workers: 4
 Concurrent Workers: 1
 Concurrent Refinement Workers: 4
 Periodic GC: Disabled

Heap:
 garbage-first heap   total 106496K, used 71465K [0x0000000080000000, 0x0000000100000000)
  region size 1024K, 17 young (17408K), 2 survivors (2048K)
 Metaspace       used 47270K, committed 47744K, reserved 1114112K
  class space    used 6303K, committed 6528K, reserved 1048576K

Heap Regions: E=young(eden), S=young(survivor), O=old, HS=humongous(starts), HC=humongous(continues), CS=collection set, F=free, OA=open archive, CA=closed archive, TAMS=top-at-mark-start (previous, next)
|   0|0x0000000080000000, 0x0000000080100000, 0x0000000080100000|100%| O|  |TAMS 0x0000000080100000, 0x0000000080000000| Untracked 
|   1|0x0000000080100000, 0x0000000080200000, 0x0000000080200000|100%| O|  |TAMS 0x0000000080200000, 0x0000000080100000| Untracked 
|   2|0x0000000080200000, 0x0000000080300000, 0x0000000080300000|100%|HS|  |TAMS 0x0000000080300000, 0x0000000080200000| Complete 
|   3|0x0000000080300000, 0x0000000080400000, 0x0000000080400000|100%|HC|  |TAMS 0x0000000080400000, 0x0000000080300000| Complete 
|   4|0x0000000080400000, 0x0000000080500000, 0x0000000080500000|100%|HC|  |TAMS 0x0000000080500000, 0x0000000080400000| Complete 
|   5|0x0000000080500000, 0x0000000080600000, 0x0000000080600000|100%|HC|  |TAMS 0x0000000080600000, 0x0000000080500000| Complete 
|   6|0x0000000080600000, 0x0000000080700000, 0x0000000080700000|100%| O|  |TAMS 0x0000000080700000, 0x0000000080600000| Untracked 
|   7|0x0000000080700000, 0x0000000080800000, 0x0000000080800000|100%| O|  |TAMS 0x0000000080800000, 0x0000000080700000| Untracked 
|   8|0x0000000080800000, 0x0000000080900000, 0x0000000080900000|100%| O|  |TAMS 0x0000000080900000, 0x0000000080800000| Untracked 
|   9|0x0000000080900000, 0x0000000080a00000, 0x0000000080a00000|100%| O|  |TAMS 0x0000000080a00000, 0x0000000080900000| Untracked 
|  10|0x0000000080a00000, 0x0000000080aaae00, 0x0000000080b00000| 66%| O|  |TAMS 0x0000000080aaae00, 0x0000000080a00000| Untracked 
|  11|0x0000000080b00000, 0x0000000080c00000, 0x0000000080c00000|100%| O|  |TAMS 0x0000000080c00000, 0x0000000080b00000| Untracked 
|  12|0x0000000080c00000, 0x0000000080d00000, 0x0000000080d00000|100%| O|  |TAMS 0x0000000080d00000, 0x0000000080c00000| Untracked 
|  13|0x0000000080d00000, 0x0000000080e00000, 0x0000000080e00000|100%| O|  |TAMS 0x0000000080e00000, 0x0000000080d00000| Untracked 
|  14|0x0000000080e00000, 0x0000000080f00000, 0x0000000080f00000|100%| O|  |TAMS 0x0000000080f00000, 0x0000000080e00000| Untracked 
|  15|0x0000000080f00000, 0x0000000081000000, 0x0000000081000000|100%| O|  |TAMS 0x0000000081000000, 0x0000000080f00000| Untracked 
|  16|0x0000000081000000, 0x0000000081100000, 0x0000000081100000|100%| O|  |TAMS 0x0000000081100000, 0x0000000081000000| Untracked 
|  17|0x0000000081100000, 0x0000000081200000, 0x0000000081200000|100%| O|  |TAMS 0x0000000081200000, 0x0000000081100000| Untracked 
|  18|0x0000000081200000, 0x0000000081300000, 0x0000000081300000|100%| O|  |TAMS 0x0000000081300000, 0x0000000081200000| Untracked 
|  19|0x0000000081300000, 0x0000000081400000, 0x0000000081400000|100%|HS|  |TAMS 0x0000000081400000, 0x0000000081300000| Complete 
|  20|0x0000000081400000, 0x0000000081500000, 0x0000000081500000|100%|HC|  |TAMS 0x0000000081500000, 0x0000000081400000| Complete 
|  21|0x0000000081500000, 0x0000000081600000, 0x0000000081600000|100%|HS|  |TAMS 0x0000000081600000, 0x0000000081500000| Complete 
|  22|0x0000000081600000, 0x0000000081700000, 0x0000000081700000|100%|HC|  |TAMS 0x0000000081700000, 0x0000000081600000| Complete 
|  23|0x0000000081700000, 0x0000000081800000, 0x0000000081800000|100%|HC|  |TAMS 0x0000000081800000, 0x0000000081700000| Complete 
|  24|0x0000000081800000, 0x0000000081900000, 0x0000000081900000|100%| O|  |TAMS 0x0000000081900000, 0x0000000081800000| Untracked 
|  25|0x0000000081900000, 0x0000000081a00000, 0x0000000081a00000|100%| O|  |TAMS 0x0000000081a00000, 0x0000000081900000| Untracked 
|  26|0x0000000081a00000, 0x0000000081b00000, 0x0000000081b00000|100%| O|  |TAMS 0x0000000081b00000, 0x0000000081a00000| Untracked 
|  27|0x0000000081b00000, 0x0000000081c00000, 0x0000000081c00000|100%|HS|  |TAMS 0x0000000081c00000, 0x0000000081b00000| Complete 
|  28|0x0000000081c00000, 0x0000000081d00000, 0x0000000081d00000|100%|HC|  |TAMS 0x0000000081d00000, 0x0000000081c00000| Complete 
|  29|0x0000000081d00000, 0x0000000081e00000, 0x0000000081e00000|100%| O|  |TAMS 0x0000000081e00000, 0x0000000081d00000| Untracked 
|  30|0x0000000081e00000, 0x0000000081f00000, 0x0000000081f00000|100%| O|  |TAMS 0x0000000081f00000, 0x0000000081e00000| Untracked 
|  31|0x0000000081f00000, 0x0000000082000000, 0x0000000082000000|100%| O|  |TAMS 0x0000000082000000, 0x0000000081f00000| Untracked 
|  32|0x0000000082000000, 0x0000000082100000, 0x0000000082100000|100%|HS|  |TAMS 0x0000000082100000, 0x0000000082000000| Complete 
|  33|0x0000000082100000, 0x0000000082200000, 0x0000000082200000|100%|HC|  |TAMS 0x0000000082200000, 0x0000000082100000| Complete 
|  34|0x0000000082200000, 0x0000000082300000, 0x0000000082300000|100%|HC|  |TAMS 0x0000000082300000, 0x0000000082200000| Complete 
|  35|0x0000000082300000, 0x0000000082400000, 0x0000000082400000|100%|HC|  |TAMS 0x0000000082400000, 0x0000000082300000| Complete 
|  36|0x0000000082400000, 0x0000000082500000, 0x0000000082500000|100%|HC|  |TAMS 0x0000000082500000, 0x0000000082400000| Complete 
|  37|0x0000000082500000, 0x0000000082600000, 0x0000000082600000|100%|HC|  |TAMS 0x0000000082600000, 0x0000000082500000| Complete 
|  38|0x0000000082600000, 0x0000000082700000, 0x0000000082700000|100%|HC|  |TAMS 0x0000000082700000, 0x0000000082600000| Complete 
|  39|0x0000000082700000, 0x0000000082800000, 0x0000000082800000|100%|HC|  |TAMS 0x0000000082800000, 0x0000000082700000| Complete 
|  40|0x0000000082800000, 0x0000000082900000, 0x0000000082900000|100%|HC|  |TAMS 0x0000000082900000, 0x0000000082800000| Complete 
|  41|0x0000000082900000, 0x0000000082a00000, 0x0000000082a00000|100%|HC|  |TAMS 0x0000000082a00000, 0x0000000082900000| Complete 
|  42|0x0000000082a00000, 0x0000000082b00000, 0x0000000082b00000|100%|HC|  |TAMS 0x0000000082b00000, 0x0000000082a00000| Complete 
|  43|0x0000000082b00000, 0x0000000082c00000, 0x0000000082c00000|100%|HC|  |TAMS 0x0000000082c00000, 0x0000000082b00000| Complete 
|  44|0x0000000082c00000, 0x0000000082d00000, 0x0000000082d00000|100%|HS|  |TAMS 0x0000000082d00000, 0x0000000082c00000| Complete 
|  45|0x0000000082d00000, 0x0000000082e00000, 0x0000000082e00000|100%|HC|  |TAMS 0x0000000082e00000, 0x0000000082d00000| Complete 
|  46|0x0000000082e00000, 0x0000000082f00000, 0x0000000082f00000|100%| O|  |TAMS 0x0000000082f00000, 0x0000000082e00000| Untracked 
|  47|0x0000000082f00000, 0x0000000083000000, 0x0000000083000000|100%| O|  |TAMS 0x0000000083000000, 0x0000000082f00000| Untracked 
|  48|0x0000000083000000, 0x0000000083100000, 0x0000000083100000|100%| O|  |TAMS 0x0000000083100000, 0x0000000083000000| Untracked 
|  49|0x0000000083100000, 0x0000000083200000, 0x0000000083200000|100%| O|  |TAMS 0x0000000083200000, 0x0000000083100000| Untracked 
|  50|0x0000000083200000, 0x0000000083300000, 0x0000000083300000|100%| O|  |TAMS 0x0000000083300000, 0x0000000083200000| Untracked 
|  51|0x0000000083300000, 0x0000000083400000, 0x0000000083400000|100%| O|  |TAMS 0x0000000083400000, 0x0000000083300000| Untracked 
|  52|0x0000000083400000, 0x0000000083500000, 0x0000000083500000|100%| O|  |TAMS 0x0000000083425e00, 0x0000000083400000| Untracked 
|  53|0x0000000083500000, 0x0000000083600000, 0x0000000083600000|100%| O|  |TAMS 0x0000000083500000, 0x0000000083500000| Untracked 
|  54|0x0000000083600000, 0x0000000083600000, 0x0000000083700000|  0%| F|  |TAMS 0x0000000083600000, 0x0000000083600000| Untracked 
|  55|0x0000000083700000, 0x0000000083700000, 0x0000000083800000|  0%| F|  |TAMS 0x0000000083700000, 0x0000000083700000| Untracked 
|  56|0x0000000083800000, 0x0000000083800000, 0x0000000083900000|  0%| F|  |TAMS 0x0000000083800000, 0x0000000083800000| Untracked 
|  57|0x0000000083900000, 0x0000000083900000, 0x0000000083a00000|  0%| F|  |TAMS 0x0000000083900000, 0x0000000083900000| Untracked 
|  58|0x0000000083a00000, 0x0000000083a00000, 0x0000000083b00000|  0%| F|  |TAMS 0x0000000083a00000, 0x0000000083a00000| Untracked 
|  59|0x0000000083b00000, 0x0000000083bb8600, 0x0000000083c00000| 72%| O|  |TAMS 0x0000000083b00000, 0x0000000083b00000| Untracked 
|  60|0x0000000083c00000, 0x0000000083c00000, 0x0000000083d00000|  0%| F|  |TAMS 0x0000000083c00000, 0x0000000083c00000| Untracked 
|  61|0x0000000083d00000, 0x0000000083d00000, 0x0000000083e00000|  0%| F|  |TAMS 0x0000000083d00000, 0x0000000083d00000| Untracked 
|  62|0x0000000083e00000, 0x0000000083e00000, 0x0000000083f00000|  0%| F|  |TAMS 0x0000000083e00000, 0x0000000083e00000| Untracked 
|  63|0x0000000083f00000, 0x0000000083f00000, 0x0000000084000000|  0%| F|  |TAMS 0x0000000083f00000, 0x0000000083f00000| Untracked 
|  64|0x0000000084000000, 0x0000000084000000, 0x0000000084100000|  0%| F|  |TAMS 0x0000000084000000, 0x0000000084000000| Untracked 
|  65|0x0000000084100000, 0x0000000084100000, 0x0000000084200000|  0%| F|  |TAMS 0x0000000084100000, 0x0000000084100000| Untracked 
|  66|0x0000000084200000, 0x0000000084200000, 0x0000000084300000|  0%| F|  |TAMS 0x0000000084200000, 0x0000000084200000| Untracked 
|  67|0x0000000084300000, 0x0000000084300000, 0x0000000084400000|  0%| F|  |TAMS 0x0000000084300000, 0x0000000084300000| Untracked 
|  68|0x0000000084400000, 0x0000000084400000, 0x0000000084500000|  0%| F|  |TAMS 0x0000000084400000, 0x0000000084400000| Untracked 
|  69|0x0000000084500000, 0x0000000084500000, 0x0000000084600000|  0%| F|  |TAMS 0x0000000084500000, 0x0000000084500000| Untracked 
|  70|0x0000000084600000, 0x0000000084600000, 0x0000000084700000|  0%| F|  |TAMS 0x0000000084600000, 0x0000000084600000| Untracked 
|  71|0x0000000084700000, 0x0000000084700000, 0x0000000084800000|  0%| F|  |TAMS 0x0000000084700000, 0x0000000084700000| Untracked 
|  72|0x0000000084800000, 0x0000000084800000, 0x0000000084900000|  0%| F|  |TAMS 0x0000000084800000, 0x0000000084800000| Untracked 
|  73|0x0000000084900000, 0x0000000084900000, 0x0000000084a00000|  0%| F|  |TAMS 0x0000000084900000, 0x0000000084900000| Untracked 
|  74|0x0000000084a00000, 0x0000000084a00000, 0x0000000084b00000|  0%| F|  |TAMS 0x0000000084a00000, 0x0000000084a00000| Untracked 
|  75|0x0000000084b00000, 0x0000000084b00000, 0x0000000084c00000|  0%| F|  |TAMS 0x0000000084b00000, 0x0000000084b00000| Untracked 
|  76|0x0000000084c00000, 0x0000000084c00000, 0x0000000084d00000|  0%| F|  |TAMS 0x0000000084c00000, 0x0000000084c00000| Untracked 
|  77|0x0000000084d00000, 0x0000000084d00000, 0x0000000084e00000|  0%| F|  |TAMS 0x0000000084d00000, 0x0000000084d00000| Untracked 
|  78|0x0000000084e00000, 0x0000000084e00000, 0x0000000084f00000|  0%| F|  |TAMS 0x0000000084e00000, 0x0000000084e00000| Untracked 
|  79|0x0000000084f00000, 0x0000000084f00000, 0x0000000085000000|  0%| F|  |TAMS 0x0000000084f00000, 0x0000000084f00000| Untracked 
|  80|0x0000000085000000, 0x0000000085000000, 0x0000000085100000|  0%| F|  |TAMS 0x0000000085000000, 0x0000000085000000| Untracked 
|  81|0x0000000085100000, 0x0000000085100000, 0x0000000085200000|  0%| F|  |TAMS 0x0000000085100000, 0x0000000085100000| Untracked 
|  82|0x0000000085200000, 0x0000000085200000, 0x0000000085300000|  0%| F|  |TAMS 0x0000000085200000, 0x0000000085200000| Untracked 
|  83|0x0000000085300000, 0x00000000853671a0, 0x0000000085400000| 40%| S|CS|TAMS 0x0000000085300000, 0x0000000085300000| Complete 
|  84|0x0000000085400000, 0x0000000085500000, 0x0000000085500000|100%| S|CS|TAMS 0x0000000085400000, 0x0000000085400000| Complete 
|  85|0x0000000085500000, 0x0000000085500000, 0x0000000085600000|  0%| F|  |TAMS 0x0000000085500000, 0x0000000085500000| Untracked 
|  86|0x0000000085600000, 0x0000000085600000, 0x0000000085700000|  0%| F|  |TAMS 0x0000000085600000, 0x0000000085600000| Untracked 
|  87|0x0000000085700000, 0x0000000085700000, 0x0000000085800000|  0%| F|  |TAMS 0x0000000085700000, 0x0000000085700000| Untracked 
|  88|0x0000000085800000, 0x0000000085800000, 0x0000000085900000|  0%| F|  |TAMS 0x0000000085800000, 0x0000000085800000| Untracked 
|  89|0x0000000085900000, 0x0000000085a00000, 0x0000000085a00000|100%| E|  |TAMS 0x0000000085900000, 0x0000000085900000| Complete 
|  90|0x0000000085a00000, 0x0000000085b00000, 0x0000000085b00000|100%| E|CS|TAMS 0x0000000085a00000, 0x0000000085a00000| Complete 
|  91|0x0000000085b00000, 0x0000000085c00000, 0x0000000085c00000|100%| E|CS|TAMS 0x0000000085b00000, 0x0000000085b00000| Complete 
|  92|0x0000000085c00000, 0x0000000085d00000, 0x0000000085d00000|100%| E|CS|TAMS 0x0000000085c00000, 0x0000000085c00000| Complete 
|  93|0x0000000085d00000, 0x0000000085e00000, 0x0000000085e00000|100%| E|CS|TAMS 0x0000000085d00000, 0x0000000085d00000| Complete 
|  94|0x0000000085e00000, 0x0000000085f00000, 0x0000000085f00000|100%| E|CS|TAMS 0x0000000085e00000, 0x0000000085e00000| Complete 
|  95|0x0000000085f00000, 0x0000000086000000, 0x0000000086000000|100%| E|CS|TAMS 0x0000000085f00000, 0x0000000085f00000| Complete 
|  96|0x0000000086000000, 0x0000000086100000, 0x0000000086100000|100%| E|CS|TAMS 0x0000000086000000, 0x0000000086000000| Complete 
|  97|0x0000000086100000, 0x0000000086200000, 0x0000000086200000|100%| E|CS|TAMS 0x0000000086100000, 0x0000000086100000| Complete 
|  98|0x0000000086200000, 0x0000000086300000, 0x0000000086300000|100%| E|CS|TAMS 0x0000000086200000, 0x0000000086200000| Complete 
|  99|0x0000000086300000, 0x0000000086400000, 0x0000000086400000|100%| E|CS|TAMS 0x0000000086300000, 0x0000000086300000| Complete 
| 100|0x0000000086400000, 0x0000000086500000, 0x0000000086500000|100%| E|CS|TAMS 0x0000000086400000, 0x0000000086400000| Complete 
| 101|0x0000000086500000, 0x0000000086600000, 0x0000000086600000|100%| E|CS|TAMS 0x0000000086500000, 0x0000000086500000| Complete 
| 102|0x0000000086600000, 0x0000000086700000, 0x0000000086700000|100%| E|CS|TAMS 0x0000000086600000, 0x0000000086600000| Complete 
| 103|0x0000000086700000, 0x0000000086800000, 0x0000000086800000|100%| E|CS|TAMS 0x0000000086700000, 0x0000000086700000| Complete 

Card table byte_map: [0x000001ac4be70000,0x000001ac4c270000] _byte_map_base: 0x000001ac4ba70000

Marking Bits (Prev, Next): (CMBitMap*) 0x000001ac395ec6d0, (CMBitMap*) 0x000001ac395ec710
 Prev Bits: [0x000001ac4c670000, 0x000001ac4e670000)
 Next Bits: [0x000001ac4e670000, 0x000001ac50670000)

Polling page: 0x000001ac37540000

Metaspace:

Usage:
  Non-class:     40.01 MB used.
      Class:      6.16 MB used.
       Both:     46.16 MB used.

Virtual space:
  Non-class space:       64.00 MB reserved,      40.25 MB ( 63%) committed,  1 nodes.
      Class space:        1.00 GB reserved,       6.38 MB ( <1%) committed,  1 nodes.
             Both:        1.06 GB reserved,      46.62 MB (  4%) committed. 

Chunk freelists:
   Non-Class:  7.66 MB
       Class:  9.54 MB
        Both:  17.20 MB

MaxMetaspaceSize: unlimited
CompressedClassSpaceSize: 1.00 GB
Initial GC threshold: 21.00 MB
Current GC threshold: 71.69 MB
CDS: off
MetaspaceReclaimPolicy: balanced
 - commit_granule_bytes: 65536.
 - commit_granule_words: 8192.
 - virtual_space_node_default_size: 8388608.
 - enlarge_chunks_in_place: 1.
 - new_chunks_are_fully_committed: 0.
 - uncommit_free_chunks: 1.
 - use_allocation_guard: 0.
 - handle_deallocations: 1.


Internal statistics:

num_allocs_failed_limit: 3.
num_arena_births: 446.
num_arena_deaths: 0.
num_vsnodes_births: 2.
num_vsnodes_deaths: 0.
num_space_committed: 746.
num_space_uncommitted: 0.
num_chunks_returned_to_freelist: 3.
num_chunks_taken_from_freelist: 1896.
num_chunk_merges: 3.
num_chunk_splits: 1231.
num_chunks_enlarged: 838.
num_inconsistent_stats: 0.

CodeHeap 'non-profiled nmethods': size=120000Kb used=2133Kb max_used=2133Kb free=117867Kb
 bounds [0x000001ac44540000, 0x000001ac447b0000, 0x000001ac4ba70000]
CodeHeap 'profiled nmethods': size=120000Kb used=8628Kb max_used=8628Kb free=111371Kb
 bounds [0x000001ac3ca70000, 0x000001ac3d2e0000, 0x000001ac43fa0000]
CodeHeap 'non-nmethods': size=5760Kb used=2297Kb max_used=2340Kb free=3462Kb
 bounds [0x000001ac43fa0000, 0x000001ac44210000, 0x000001ac44540000]
 total_blobs=4979 nmethods=4172 adapters=719
 compilation: enabled
              stopped_count=0, restarted_count=0
 full_count=0

Compilation events (20 events):
Event: 18.877 Thread 0x000001ac57005950 4190       1       com.google.common.collect.MapMakerInternalMap$AbstractStrongKeyEntry::getHash (5 bytes)
Event: 18.878 Thread 0x000001ac57005950 nmethod 4190 0x000001ac44754810 code [0x000001ac447549a0, 0x000001ac44754a78]
Event: 18.880 Thread 0x000001ac57005950 4191       1       org.gradle.internal.instantiation.generator.AbstractClassGenerator$GeneratedClassImpl::getConstructors (5 bytes)
Event: 18.880 Thread 0x000001ac57005950 nmethod 4191 0x000001ac44754b10 code [0x000001ac44754ca0, 0x000001ac44754d78]
Event: 18.886 Thread 0x000001ac57005950 4192       3       com.sun.beans.util.Cache::index (7 bytes)
Event: 18.886 Thread 0x000001ac57005950 nmethod 4192 0x000001ac3d2bec10 code [0x000001ac3d2beda0, 0x000001ac3d2bee98]
Event: 18.887 Thread 0x000001ac57005950 4193       3       groovy.lang.MetaClassImpl::copyNonPrivateFields (100 bytes)
Event: 18.889 Thread 0x000001ac57005950 nmethod 4193 0x000001ac3d2bef90 code [0x000001ac3d2bf200, 0x000001ac3d2bfff8]
Event: 18.900 Thread 0x000001ac57005950 4194       3       groovyjarjarasm.asm.SymbolTable::hash (10 bytes)
Event: 18.900 Thread 0x000001ac57005950 nmethod 4194 0x000001ac3d2c0490 code [0x000001ac3d2c0620, 0x000001ac3d2c0748]
Event: 18.901 Thread 0x000001ac57005950 4195       3       groovyjarjarasm.asm.ByteVector::putByte (39 bytes)
Event: 18.901 Thread 0x000001ac57005950 nmethod 4195 0x000001ac3d2c0810 code [0x000001ac3d2c09c0, 0x000001ac3d2c0ba8]
Event: 18.901 Thread 0x000001ac57005950 4196       3       groovyjarjarasm.asm.Frame::merge (322 bytes)
Event: 18.902 Thread 0x000001ac57005950 nmethod 4196 0x000001ac3d2c0d10 code [0x000001ac3d2c0f40, 0x000001ac3d2c18c8]
Event: 18.903 Thread 0x000001ac57005950 4197       3       groovyjarjarasm.asm.Frame::execute (2318 bytes)
Event: 18.913 Thread 0x000001ac57005950 nmethod 4197 0x000001ac3d2c1b10 code [0x000001ac3d2c2a40, 0x000001ac3d2c9478]
Event: 18.913 Thread 0x000001ac57005950 4198       3       groovyjarjarasm.asm.ByteVector::putShort (52 bytes)
Event: 18.913 Thread 0x000001ac57005950 nmethod 4198 0x000001ac3d2cb090 code [0x000001ac3d2cb240, 0x000001ac3d2cb448]
Event: 18.913 Thread 0x000001ac57005950 4199       3       java.lang.reflect.Type::getTypeName (5 bytes)
Event: 18.914 Thread 0x000001ac57005950 nmethod 4199 0x000001ac3d2cb590 code [0x000001ac3d2cb740, 0x000001ac3d2cb908]

GC Heap History (20 events):
Event: 11.376 GC heap before
{Heap before GC invocations=6 (full 0):
 garbage-first heap   total 68608K, used 55668K [0x0000000080000000, 0x0000000100000000)
  region size 1024K, 30 young (30720K), 2 survivors (2048K)
 Metaspace       used 29873K, committed 30208K, reserved 1114112K
  class space    used 4045K, committed 4224K, reserved 1048576K
}
Event: 11.384 GC heap after
{Heap after GC invocations=7 (full 0):
 garbage-first heap   total 68608K, used 31554K [0x0000000080000000, 0x0000000100000000)
  region size 1024K, 4 young (4096K), 4 survivors (4096K)
 Metaspace       used 29873K, committed 30208K, reserved 1114112K
  class space    used 4045K, committed 4224K, reserved 1048576K
}
Event: 11.452 GC heap before
{Heap before GC invocations=7 (full 0):
 garbage-first heap   total 68608K, used 32578K [0x0000000080000000, 0x0000000100000000)
  region size 1024K, 6 young (6144K), 4 survivors (4096K)
 Metaspace       used 29966K, committed 30336K, reserved 1114112K
  class space    used 4063K, committed 4224K, reserved 1048576K
}
Event: 11.459 GC heap after
{Heap after GC invocations=8 (full 0):
 garbage-first heap   total 68608K, used 32612K [0x0000000080000000, 0x0000000100000000)
  region size 1024K, 1 young (1024K), 1 survivors (1024K)
 Metaspace       used 29966K, committed 30336K, reserved 1114112K
  class space    used 4063K, committed 4224K, reserved 1048576K
}
Event: 11.651 GC heap before
{Heap before GC invocations=9 (full 0):
 garbage-first heap   total 78848K, used 44900K [0x0000000080000000, 0x0000000100000000)
  region size 1024K, 2 young (2048K), 1 survivors (1024K)
 Metaspace       used 29976K, committed 30336K, reserved 1114112K
  class space    used 4063K, committed 4224K, reserved 1048576K
}
Event: 11.653 GC heap after
{Heap after GC invocations=10 (full 0):
 garbage-first heap   total 78848K, used 44684K [0x0000000080000000, 0x0000000100000000)
  region size 1024K, 1 young (1024K), 1 survivors (1024K)
 Metaspace       used 29976K, committed 30336K, reserved 1114112K
  class space    used 4063K, committed 4224K, reserved 1048576K
}
Event: 12.699 GC heap before
{Heap before GC invocations=11 (full 0):
 garbage-first heap   total 81920K, used 63116K [0x0000000080000000, 0x0000000100000000)
  region size 1024K, 18 young (18432K), 1 survivors (1024K)
 Metaspace       used 31888K, committed 32256K, reserved 1114112K
  class space    used 4371K, committed 4544K, reserved 1048576K
}
Event: 12.703 GC heap after
{Heap after GC invocations=12 (full 0):
 garbage-first heap   total 81920K, used 48961K [0x0000000080000000, 0x0000000100000000)
  region size 1024K, 3 young (3072K), 3 survivors (3072K)
 Metaspace       used 31888K, committed 32256K, reserved 1114112K
  class space    used 4371K, committed 4544K, reserved 1048576K
}
Event: 13.335 GC heap before
{Heap before GC invocations=12 (full 0):
 garbage-first heap   total 81920K, used 65345K [0x0000000080000000, 0x0000000100000000)
  region size 1024K, 19 young (19456K), 3 survivors (3072K)
 Metaspace       used 33915K, committed 34304K, reserved 1114112K
  class space    used 4693K, committed 4864K, reserved 1048576K
}
Event: 13.340 GC heap after
{Heap after GC invocations=13 (full 0):
 garbage-first heap   total 81920K, used 50142K [0x0000000080000000, 0x0000000100000000)
  region size 1024K, 1 young (1024K), 1 survivors (1024K)
 Metaspace       used 33915K, committed 34304K, reserved 1114112K
  class space    used 4693K, committed 4864K, reserved 1048576K
}
Event: 14.491 GC heap before
{Heap before GC invocations=14 (full 0):
 garbage-first heap   total 89088K, used 64478K [0x0000000080000000, 0x0000000100000000)
  region size 1024K, 16 young (16384K), 1 survivors (1024K)
 Metaspace       used 36278K, committed 36608K, reserved 1114112K
  class space    used 5045K, committed 5184K, reserved 1048576K
}
Event: 14.496 GC heap after
{Heap after GC invocations=15 (full 0):
 garbage-first heap   total 89088K, used 50710K [0x0000000080000000, 0x0000000100000000)
  region size 1024K, 2 young (2048K), 2 survivors (2048K)
 Metaspace       used 36278K, committed 36608K, reserved 1114112K
  class space    used 5045K, committed 5184K, reserved 1048576K
}
Event: 15.714 GC heap before
{Heap before GC invocations=15 (full 0):
 garbage-first heap   total 89088K, used 71190K [0x0000000080000000, 0x0000000100000000)
  region size 1024K, 22 young (22528K), 2 survivors (2048K)
 Metaspace       used 41312K, committed 41728K, reserved 1114112K
  class space    used 5603K, committed 5824K, reserved 1048576K
}
Event: 15.725 GC heap after
{Heap after GC invocations=16 (full 0):
 garbage-first heap   total 89088K, used 53023K [0x0000000080000000, 0x0000000100000000)
  region size 1024K, 3 young (3072K), 3 survivors (3072K)
 Metaspace       used 41312K, committed 41728K, reserved 1114112K
  class space    used 5603K, committed 5824K, reserved 1048576K
}
Event: 16.227 GC heap before
{Heap before GC invocations=17 (full 0):
 garbage-first heap   total 94208K, used 70431K [0x0000000080000000, 0x0000000100000000)
  region size 1024K, 21 young (21504K), 3 survivors (3072K)
 Metaspace       used 42510K, committed 42944K, reserved 1114112K
  class space    used 5697K, committed 5888K, reserved 1048576K
}
Event: 16.240 GC heap after
{Heap after GC invocations=18 (full 0):
 garbage-first heap   total 94208K, used 55579K [0x0000000080000000, 0x0000000100000000)
  region size 1024K, 3 young (3072K), 3 survivors (3072K)
 Metaspace       used 42510K, committed 42944K, reserved 1114112K
  class space    used 5697K, committed 5888K, reserved 1048576K
}
Event: 16.482 GC heap before
{Heap before GC invocations=18 (full 0):
 garbage-first heap   total 94208K, used 65819K [0x0000000080000000, 0x0000000100000000)
  region size 1024K, 14 young (14336K), 3 survivors (3072K)
 Metaspace       used 42987K, committed 43392K, reserved 1114112K
  class space    used 5744K, committed 5952K, reserved 1048576K
}
Event: 16.489 GC heap after
{Heap after GC invocations=19 (full 0):
 garbage-first heap   total 94208K, used 56276K [0x0000000080000000, 0x0000000100000000)
  region size 1024K, 2 young (2048K), 2 survivors (2048K)
 Metaspace       used 42987K, committed 43392K, reserved 1114112K
  class space    used 5744K, committed 5952K, reserved 1048576K
}
Event: 17.812 GC heap before
{Heap before GC invocations=20 (full 0):
 garbage-first heap   total 106496K, used 80852K [0x0000000080000000, 0x0000000100000000)
  region size 1024K, 21 young (21504K), 2 survivors (2048K)
 Metaspace       used 45798K, committed 46208K, reserved 1114112K
  class space    used 6077K, committed 6272K, reserved 1048576K
}
Event: 17.818 GC heap after
{Heap after GC invocations=21 (full 0):
 garbage-first heap   total 106496K, used 57129K [0x0000000080000000, 0x0000000100000000)
  region size 1024K, 2 young (2048K), 2 survivors (2048K)
 Metaspace       used 45798K, committed 46208K, reserved 1114112K
  class space    used 6077K, committed 6272K, reserved 1048576K
}

Dll operation events (3 events):
Event: 0.036 Loaded shared library C:\Program Files\Android\Android Studio\jbr\bin\java.dll
Event: 0.499 Loaded shared library C:\Program Files\Android\Android Studio\jbr\bin\zip.dll
Event: 1.871 Loaded shared library C:\Program Files\Android\Android Studio\jbr\bin\verify.dll

Deoptimization events (20 events):
Event: 18.356 Thread 0x000001ac57b93530 DEOPT PACKING pc=0x000001ac4464a618 sp=0x00000033898f95c0
Event: 18.356 Thread 0x000001ac57b93530 DEOPT UNPACKING pc=0x000001ac43ff69a3 sp=0x00000033898f9558 mode 2
Event: 18.769 Thread 0x000001ac57b93530 Uncommon trap: trap_request=0xffffffde fr.pc=0x000001ac4464a618 relative=0x0000000000000078
Event: 18.769 Thread 0x000001ac57b93530 Uncommon trap: reason=class_check action=maybe_recompile pc=0x000001ac4464a618 method=java.util.Collections$SetFromMap.remove(Ljava/lang/Object;)Z @ 5 c2
Event: 18.769 Thread 0x000001ac57b93530 DEOPT PACKING pc=0x000001ac4464a618 sp=0x00000033898f93e0
Event: 18.769 Thread 0x000001ac57b93530 DEOPT UNPACKING pc=0x000001ac43ff69a3 sp=0x00000033898f9378 mode 2
Event: 18.773 Thread 0x000001ac57b93530 Uncommon trap: trap_request=0xffffffde fr.pc=0x000001ac4464a618 relative=0x0000000000000078
Event: 18.773 Thread 0x000001ac57b93530 Uncommon trap: reason=class_check action=maybe_recompile pc=0x000001ac4464a618 method=java.util.Collections$SetFromMap.remove(Ljava/lang/Object;)Z @ 5 c2
Event: 18.773 Thread 0x000001ac57b93530 DEOPT PACKING pc=0x000001ac4464a618 sp=0x00000033898f95c0
Event: 18.773 Thread 0x000001ac57b93530 DEOPT UNPACKING pc=0x000001ac43ff69a3 sp=0x00000033898f9558 mode 2
Event: 18.775 Thread 0x000001ac57b93530 DEOPT PACKING pc=0x000001ac3ce938d4 sp=0x00000033898f9560
Event: 18.775 Thread 0x000001ac57b93530 DEOPT UNPACKING pc=0x000001ac43ff7143 sp=0x00000033898f8ab8 mode 0
Event: 18.899 Thread 0x000001ac57b93530 Uncommon trap: trap_request=0xffffff45 fr.pc=0x000001ac446bfa5c relative=0x000000000000413c
Event: 18.899 Thread 0x000001ac57b93530 Uncommon trap: reason=unstable_if action=reinterpret pc=0x000001ac446bfa5c method=java.lang.StringLatin1.regionMatchesCI([BI[BII)Z @ 72 c2
Event: 18.899 Thread 0x000001ac57b93530 DEOPT PACKING pc=0x000001ac446bfa5c sp=0x00000033898f9320
Event: 18.899 Thread 0x000001ac57b93530 DEOPT UNPACKING pc=0x000001ac43ff69a3 sp=0x00000033898f90d8 mode 2
Event: 18.899 Thread 0x000001ac57b93530 Uncommon trap: trap_request=0xffffff45 fr.pc=0x000001ac44624988 relative=0x0000000000000648
Event: 18.899 Thread 0x000001ac57b93530 Uncommon trap: reason=unstable_if action=reinterpret pc=0x000001ac44624988 method=java.lang.StringLatin1.regionMatchesCI([BI[BII)Z @ 72 c2
Event: 18.899 Thread 0x000001ac57b93530 DEOPT PACKING pc=0x000001ac44624988 sp=0x00000033898f91a0
Event: 18.899 Thread 0x000001ac57b93530 DEOPT UNPACKING pc=0x000001ac43ff69a3 sp=0x00000033898f9068 mode 2

Classes unloaded (0 events):
No events

Classes redefined (0 events):
No events

Internal exceptions (20 events):
Event: 17.536 Thread 0x000001ac57b93530 Exception <a 'java/lang/ClassNotFoundException'{0x0000000085b27348}: org/gradle/api/internal/artifacts/dsl/dependencies/DefaultDependencyHandlerBeanInfo> (0x0000000085b27348) 
thrown [s\src\hotspot\share\classfile\systemDictionary.cpp, line 256]
Event: 17.541 Thread 0x000001ac57b93530 Exception <a 'java/lang/ClassNotFoundException'{0x0000000085b3d000}: org/gradle/api/internal/artifacts/dsl/dependencies/DefaultDependencyHandlerCustomizer> (0x0000000085b3d000) 
thrown [s\src\hotspot\share\classfile\systemDictionary.cpp, line 256]
Event: 17.556 Thread 0x000001ac57b93530 Exception <a 'java/lang/ClassNotFoundException'{0x0000000085b7c850}: org/gradle/api/internal/artifacts/dsl/dependencies/DefaultDependencyHandler_DecoratedCustomizer> (0x0000000085b7c850) 
thrown [s\src\hotspot\share\classfile\systemDictionary.cpp, line 256]
Event: 17.563 Thread 0x000001ac57b93530 Exception <a 'java/lang/ClassNotFoundException'{0x0000000085bbd7b0}: sync_studio_tooling_e7gqw082hjamv8v3otmvagir7$_run_closure1BeanInfo> (0x0000000085bbd7b0) 
thrown [s\src\hotspot\share\classfile\systemDictionary.cpp, line 256]
Event: 17.564 Thread 0x000001ac57b93530 Exception <a 'java/lang/ClassNotFoundException'{0x0000000085bc4790}: sync_studio_tooling_e7gqw082hjamv8v3otmvagir7$_run_closure1Customizer> (0x0000000085bc4790) 
thrown [s\src\hotspot\share\classfile\systemDictionary.cpp, line 256]
Event: 17.732 Thread 0x000001ac57b93530 Exception <a 'java/lang/NoSuchMethodError'{0x0000000085703818}: 'java.lang.Object java.lang.invoke.DirectMethodHandle$Holder.newInvokeSpecial(java.lang.Object, int, java.lang.Object)'> (0x0000000085703818) 
thrown [s\src\hotspot\share\interpreter\linkResolver.cpp, line 771]
Event: 17.839 Thread 0x000001ac57b93530 Exception <a 'java/lang/NoSuchMethodError'{0x000000008678de38}: 'void java.lang.invoke.DirectMethodHandle$Holder.invokeInterface(java.lang.Object, java.lang.Object)'> (0x000000008678de38) 
thrown [s\src\hotspot\share\interpreter\linkResolver.cpp, line 771]
Event: 18.339 Thread 0x000001ac57b93530 Exception <a 'java/lang/NoSuchMethodError'{0x0000000085f340d8}: 'int java.lang.invoke.DirectMethodHandle$Holder.invokeStatic(java.lang.Object)'> (0x0000000085f340d8) 
thrown [s\src\hotspot\share\interpreter\linkResolver.cpp, line 771]
Event: 18.340 Thread 0x000001ac57b93530 Exception <a 'java/lang/NoSuchMethodError'{0x0000000085f384c8}: 'int java.lang.invoke.DirectMethodHandle$Holder.invokeStaticInit(java.lang.Object)'> (0x0000000085f384c8) 
thrown [s\src\hotspot\share\interpreter\linkResolver.cpp, line 771]
Event: 18.562 Thread 0x000001ac57b93530 Exception <a 'java/lang/ClassNotFoundException'{0x0000000085d03cf8}: sync_studio_tooling_e7gqw082hjamv8v3otmvagir7BeanInfo> (0x0000000085d03cf8) 
thrown [s\src\hotspot\share\classfile\systemDictionary.cpp, line 256]
Event: 18.563 Thread 0x000001ac57b93530 Exception <a 'java/lang/ClassNotFoundException'{0x0000000085d0a7a8}: sync_studio_tooling_e7gqw082hjamv8v3otmvagir7Customizer> (0x0000000085d0a7a8) 
thrown [s\src\hotspot\share\classfile\systemDictionary.cpp, line 256]
Event: 18.720 Thread 0x000001ac57b93530 Exception <a 'java/lang/ClassNotFoundException'{0x0000000085dde5d8}: ijinit_bqt3v58sqk2qv3v07h1w0tllwBeanInfo> (0x0000000085dde5d8) 
thrown [s\src\hotspot\share\classfile\systemDictionary.cpp, line 256]
Event: 18.723 Thread 0x000001ac57b93530 Exception <a 'java/lang/ClassNotFoundException'{0x0000000085de5018}: ijinit_bqt3v58sqk2qv3v07h1w0tllwCustomizer> (0x0000000085de5018) 
thrown [s\src\hotspot\share\classfile\systemDictionary.cpp, line 256]
Event: 18.742 Thread 0x000001ac57b93530 Exception <a 'java/lang/ClassNotFoundException'{0x0000000085c2a038}: ijinit_bqt3v58sqk2qv3v07h1w0tllw$_run_closure1BeanInfo> (0x0000000085c2a038) 
thrown [s\src\hotspot\share\classfile\systemDictionary.cpp, line 256]
Event: 18.742 Thread 0x000001ac57b93530 Exception <a 'java/lang/ClassNotFoundException'{0x0000000085c30f98}: ijinit_bqt3v58sqk2qv3v07h1w0tllw$_run_closure1Customizer> (0x0000000085c30f98) 
thrown [s\src\hotspot\share\classfile\systemDictionary.cpp, line 256]
Event: 18.885 Thread 0x000001ac57b93530 Exception <a 'java/lang/ClassNotFoundException'{0x0000000085b86478}: ijinit_bqt3v58sqk2qv3v07h1w0tllwBeanInfo> (0x0000000085b86478) 
thrown [s\src\hotspot\share\classfile\systemDictionary.cpp, line 256]
Event: 18.886 Thread 0x000001ac57b93530 Exception <a 'java/lang/ClassNotFoundException'{0x0000000085b8ce58}: ijinit_bqt3v58sqk2qv3v07h1w0tllwCustomizer> (0x0000000085b8ce58) 
thrown [s\src\hotspot\share\classfile\systemDictionary.cpp, line 256]
Event: 18.898 Thread 0x000001ac57b93530 Exception <a 'java/lang/ClassNotFoundException'{0x0000000085bb6878}: sun/misc/SharedSecrets> (0x0000000085bb6878) 
thrown [s\src\hotspot\share\classfile\systemDictionary.cpp, line 256]
Event: 18.910 Thread 0x000001ac57b93530 Exception <a 'java/lang/ClassNotFoundException'{0x0000000085bea3e8}: org/gradle/api/internal/plugins/DefaultObjectConfigurationActionBeanInfo> (0x0000000085bea3e8) 
thrown [s\src\hotspot\share\classfile\systemDictionary.cpp, line 256]
Event: 18.912 Thread 0x000001ac57b93530 Exception <a 'java/lang/ClassNotFoundException'{0x0000000085bfc238}: org/gradle/api/internal/plugins/DefaultObjectConfigurationActionCustomizer> (0x0000000085bfc238) 
thrown [s\src\hotspot\share\classfile\systemDictionary.cpp, line 256]

VM Operations (20 events):
Event: 15.856 Executing VM operation: HandshakeAllThreads
Event: 15.856 Executing VM operation: HandshakeAllThreads done
Event: 16.003 Executing VM operation: HandshakeAllThreads
Event: 16.003 Executing VM operation: HandshakeAllThreads done
Event: 16.226 Executing VM operation: G1CollectForAllocation
Event: 16.240 Executing VM operation: G1CollectForAllocation done
Event: 16.482 Executing VM operation: G1TryInitiateConcMark
Event: 16.490 Executing VM operation: G1TryInitiateConcMark done
Event: 16.572 Executing VM operation: G1Concurrent
Event: 16.692 Executing VM operation: G1Concurrent done
Event: 16.730 Executing VM operation: G1Concurrent
Event: 16.795 Executing VM operation: G1Concurrent done
Event: 16.843 Executing VM operation: HandshakeAllThreads
Event: 16.843 Executing VM operation: HandshakeAllThreads done
Event: 17.427 Executing VM operation: HandshakeAllThreads
Event: 17.428 Executing VM operation: HandshakeAllThreads done
Event: 17.812 Executing VM operation: G1CollectForAllocation
Event: 17.819 Executing VM operation: G1CollectForAllocation done
Event: 18.829 Executing VM operation: Cleanup
Event: 18.829 Executing VM operation: Cleanup done

Events (20 events):
Event: 16.826 loading class sun/reflect/MagicAccessorImpl
Event: 16.826 loading class sun/reflect/MagicAccessorImpl done
Event: 16.915 loading class com/sun/beans/finder/MethodFinder
Event: 16.916 loading class com/sun/beans/finder/AbstractFinder
Event: 16.922 loading class com/sun/beans/finder/AbstractFinder done
Event: 16.922 loading class com/sun/beans/finder/MethodFinder done
Event: 16.922 loading class com/sun/beans/finder/MethodFinder$1
Event: 16.922 loading class com/sun/beans/finder/MethodFinder$1 done
Event: 16.922 loading class com/sun/beans/finder/FinderUtils
Event: 16.922 loading class com/sun/beans/finder/FinderUtils done
Event: 17.384 loading class sun/reflect/generics/tree/BooleanSignature
Event: 17.384 loading class sun/reflect/generics/tree/BooleanSignature done
Event: 17.661 loading class java/lang/invoke/SerializedLambda
Event: 17.661 loading class java/lang/invoke/SerializedLambda done
Event: 18.011 loading class java/io/DeleteOnExitHook
Event: 18.011 loading class java/io/DeleteOnExitHook done
Event: 18.011 loading class java/io/DeleteOnExitHook$1
Event: 18.011 loading class java/io/DeleteOnExitHook$1 done
Event: 18.898 loading class sun/misc/SharedSecrets
Event: 18.898 loading class sun/misc/SharedSecrets done


Dynamic libraries:
0x00007ff766750000 - 0x00007ff76675a000 	C:\Program Files\Android\Android Studio\jbr\bin\java.exe
0x00007ffc2ee90000 - 0x00007ffc2f088000 	C:\Windows\SYSTEM32\ntdll.dll
0x00007ffc2e0a0000 - 0x00007ffc2e15d000 	C:\Windows\System32\KERNEL32.DLL
0x00007ffc2c8a0000 - 0x00007ffc2cb96000 	C:\Windows\System32\KERNELBASE.dll
0x00007ffc2c7a0000 - 0x00007ffc2c8a0000 	C:\Windows\System32\ucrtbase.dll
0x00007ffc27790000 - 0x00007ffc277ab000 	C:\Program Files\Android\Android Studio\jbr\bin\VCRUNTIME140.dll
0x00007ffc1b7b0000 - 0x00007ffc1b7c7000 	C:\Program Files\Android\Android Studio\jbr\bin\jli.dll
0x00007ffc2d0a0000 - 0x00007ffc2d23f000 	C:\Windows\System32\USER32.dll
0x00007ffc2cea0000 - 0x00007ffc2cec2000 	C:\Windows\System32\win32u.dll
0x00007ffc2e070000 - 0x00007ffc2e09b000 	C:\Windows\System32\GDI32.dll
0x00007ffc2c680000 - 0x00007ffc2c797000 	C:\Windows\System32\gdi32full.dll
0x00007ffc2cd50000 - 0x00007ffc2cded000 	C:\Windows\System32\msvcp_win.dll
0x00007ffc1c410000 - 0x00007ffc1c6aa000 	C:\Windows\WinSxS\amd64_microsoft.windows.common-controls_6595b64144ccf1df_6.0.19041.4355_none_60b8b9eb71f62e16\COMCTL32.dll
0x00007ffc2d000000 - 0x00007ffc2d09e000 	C:\Windows\System32\msvcrt.dll
0x00007ffc2d3d0000 - 0x00007ffc2d3ff000 	C:\Windows\System32\IMM32.DLL
0x00007ffc28530000 - 0x00007ffc2853c000 	C:\Program Files\Android\Android Studio\jbr\bin\vcruntime140_1.dll
0x00007ffc07880000 - 0x00007ffc0790d000 	C:\Program Files\Android\Android Studio\jbr\bin\msvcp140.dll
0x00007ffc02500000 - 0x00007ffc03180000 	C:\Program Files\Android\Android Studio\jbr\bin\server\jvm.dll
0x00007ffc2e360000 - 0x00007ffc2e410000 	C:\Windows\System32\ADVAPI32.dll
0x00007ffc2e160000 - 0x00007ffc2e200000 	C:\Windows\System32\sechost.dll
0x00007ffc2ced0000 - 0x00007ffc2cff3000 	C:\Windows\System32\RPCRT4.dll
0x00007ffc2c5e0000 - 0x00007ffc2c607000 	C:\Windows\System32\bcrypt.dll
0x00007ffc1d640000 - 0x00007ffc1d667000 	C:\Windows\SYSTEM32\WINMM.dll
0x00007ffc1d0b0000 - 0x00007ffc1d0ba000 	C:\Windows\SYSTEM32\VERSION.dll
0x00007ffc21d60000 - 0x00007ffc21d69000 	C:\Windows\SYSTEM32\WSOCK32.dll
0x00007ffc2ea10000 - 0x00007ffc2ea7b000 	C:\Windows\System32\WS2_32.dll
0x00007ffc2a3d0000 - 0x00007ffc2a3e2000 	C:\Windows\SYSTEM32\kernel.appcore.dll
0x00007ffc20600000 - 0x00007ffc2060a000 	C:\Program Files\Android\Android Studio\jbr\bin\jimage.dll
0x00007ffc144d0000 - 0x00007ffc146b4000 	C:\Windows\SYSTEM32\DBGHELP.DLL
0x00007ffc14490000 - 0x00007ffc144c4000 	C:\Windows\SYSTEM32\dbgcore.DLL
0x00007ffc2c550000 - 0x00007ffc2c5d2000 	C:\Windows\System32\bcryptPrimitives.dll
0x00007ffc1cac0000 - 0x00007ffc1cace000 	C:\Program Files\Android\Android Studio\jbr\bin\instrument.dll
0x00007ffc1cad0000 - 0x00007ffc1caf5000 	C:\Program Files\Android\Android Studio\jbr\bin\java.dll
0x00007ffc1d300000 - 0x00007ffc1d318000 	C:\Program Files\Android\Android Studio\jbr\bin\zip.dll
0x00007ffc2d900000 - 0x00007ffc2e06c000 	C:\Windows\System32\SHELL32.dll
0x00007ffc2a5d0000 - 0x00007ffc2ad6d000 	C:\Windows\SYSTEM32\windows.storage.dll
0x00007ffc2d5a0000 - 0x00007ffc2d8f3000 	C:\Windows\System32\combase.dll
0x00007ffc2bea0000 - 0x00007ffc2bece000 	C:\Windows\SYSTEM32\Wldp.dll
0x00007ffc2e290000 - 0x00007ffc2e35d000 	C:\Windows\System32\OLEAUT32.dll
0x00007ffc2d430000 - 0x00007ffc2d4dd000 	C:\Windows\System32\SHCORE.dll
0x00007ffc2d240000 - 0x00007ffc2d295000 	C:\Windows\System32\shlwapi.dll
0x00007ffc2c480000 - 0x00007ffc2c4a4000 	C:\Windows\SYSTEM32\profapi.dll
0x00007ffc1c770000 - 0x00007ffc1c789000 	C:\Program Files\Android\Android Studio\jbr\bin\net.dll
0x00007ffc23910000 - 0x00007ffc23a1a000 	C:\Windows\SYSTEM32\WINHTTP.dll
0x00007ffc2bc00000 - 0x00007ffc2bc6a000 	C:\Windows\system32\mswsock.dll
0x00007ffc1ba20000 - 0x00007ffc1ba36000 	C:\Program Files\Android\Android Studio\jbr\bin\nio.dll
0x00007ffc201b0000 - 0x00007ffc201c0000 	C:\Program Files\Android\Android Studio\jbr\bin\verify.dll
0x00007ffc26070000 - 0x00007ffc26097000 	C:\Users\Carlos\.gradle\native\68d5fa5c4cc2d200863cafc0d521ce42e7d3e7ee720ec0a83991735586a16f82\windows-amd64\native-platform.dll
0x00007ffc02040000 - 0x00007ffc02184000 	C:\Users\Carlos\.gradle\native\e376f236ea51e6404a007f0833ffe2c6e607c4080706a723a18a27aeea778392\windows-amd64\native-platform-file-events.dll
0x00007ffc1dd20000 - 0x00007ffc1dd29000 	C:\Program Files\Android\Android Studio\jbr\bin\management.dll
0x00007ffc1d630000 - 0x00007ffc1d63b000 	C:\Program Files\Android\Android Studio\jbr\bin\management_ext.dll
0x00007ffc2ec30000 - 0x00007ffc2ec38000 	C:\Windows\System32\PSAPI.DLL
0x00007ffc2be00000 - 0x00007ffc2be18000 	C:\Windows\SYSTEM32\CRYPTSP.dll
0x00007ffc2b520000 - 0x00007ffc2b554000 	C:\Windows\system32\rsaenh.dll
0x00007ffc2c430000 - 0x00007ffc2c45e000 	C:\Windows\SYSTEM32\USERENV.dll
0x00007ffc2bdf0000 - 0x00007ffc2bdfc000 	C:\Windows\SYSTEM32\CRYPTBASE.dll
0x00007ffc2b8e0000 - 0x00007ffc2b91b000 	C:\Windows\SYSTEM32\IPHLPAPI.DLL
0x00007ffc2e280000 - 0x00007ffc2e288000 	C:\Windows\System32\NSI.dll
0x00007ffc248f0000 - 0x00007ffc24907000 	C:\Windows\SYSTEM32\dhcpcsvc6.DLL
0x00007ffc25310000 - 0x00007ffc2532d000 	C:\Windows\SYSTEM32\dhcpcsvc.DLL
0x00007ffc2b920000 - 0x00007ffc2b9ea000 	C:\Windows\SYSTEM32\DNSAPI.dll
0x00007ffc1e820000 - 0x00007ffc1e827000 	C:\Windows\system32\wshunix.dll

dbghelp: loaded successfully - version: 4.0.5 - missing functions: none
symbol engine: initialized successfully - sym options: 0x614 - pdb path: .;C:\Program Files\Android\Android Studio\jbr\bin;C:\Windows\SYSTEM32;C:\Windows\WinSxS\amd64_microsoft.windows.common-controls_6595b64144ccf1df_6.0.19041.4355_none_60b8b9eb71f62e16;C:\Program Files\Android\Android Studio\jbr\bin\server;C:\Users\Carlos\.gradle\native\68d5fa5c4cc2d200863cafc0d521ce42e7d3e7ee720ec0a83991735586a16f82\windows-amd64;C:\Users\Carlos\.gradle\native\e376f236ea51e6404a007f0833ffe2c6e607c4080706a723a18a27aeea778392\windows-amd64

VM Arguments:
jvm_args: --add-opens=java.base/java.util=ALL-UNNAMED --add-opens=java.base/java.lang=ALL-UNNAMED --add-opens=java.base/java.lang.invoke=ALL-UNNAMED --add-opens=java.prefs/java.util.prefs=ALL-UNNAMED --add-opens=java.base/java.nio.charset=ALL-UNNAMED --add-opens=java.base/java.net=ALL-UNNAMED --add-opens=java.base/java.util.concurrent.atomic=ALL-UNNAMED -Xmx2048m -Dfile.encoding=UTF-8 -Duser.country=CO -Duser.language=es -Duser.variant -javaagent:C:\Users\Carlos\.gradle\wrapper\dists\gradle-8.2-bin\bbg7u40eoinfdyxsxr3z4i7ta\gradle-8.2\lib\agents\gradle-instrumentation-agent-8.2.jar 
java_command: org.gradle.launcher.daemon.bootstrap.GradleDaemon 8.2
java_class_path (initial): C:\Users\Carlos\.gradle\wrapper\dists\gradle-8.2-bin\bbg7u40eoinfdyxsxr3z4i7ta\gradle-8.2\lib\gradle-launcher-8.2.jar
Launcher Type: SUN_STANDARD

[Global flags]
     intx CICompilerCount                          = 3                                         {product} {ergonomic}
     uint ConcGCThreads                            = 1                                         {product} {ergonomic}
     uint G1ConcRefinementThreads                  = 4                                         {product} {ergonomic}
   size_t G1HeapRegionSize                         = 1048576                                   {product} {ergonomic}
    uintx GCDrainStackTargetSize                   = 64                                        {product} {ergonomic}
   size_t InitialHeapSize                          = 100663296                                 {product} {ergonomic}
   size_t MarkStackSize                            = 4194304                                   {product} {ergonomic}
   size_t MaxHeapSize                              = 2147483648                                {product} {command line}
   size_t MaxNewSize                               = 1287651328                                {product} {ergonomic}
   size_t MinHeapDeltaBytes                        = 1048576                                   {product} {ergonomic}
   size_t MinHeapSize                              = 8388608                                   {product} {ergonomic}
    uintx NonNMethodCodeHeapSize                   = 5832780                                {pd product} {ergonomic}
    uintx NonProfiledCodeHeapSize                  = 122912730                              {pd product} {ergonomic}
    uintx ProfiledCodeHeapSize                     = 122912730                              {pd product} {ergonomic}
    uintx ReservedCodeCacheSize                    = 251658240                              {pd product} {ergonomic}
     bool SegmentedCodeCache                       = true                                      {product} {ergonomic}
   size_t SoftMaxHeapSize                          = 2147483648                             {manageable} {ergonomic}
     bool UseCompressedClassPointers               = true                           {product lp64_product} {ergonomic}
     bool UseCompressedOops                        = true                           {product lp64_product} {ergonomic}
     bool UseG1GC                                  = true                                      {product} {ergonomic}
     bool UseLargePagesIndividualAllocation        = false                                  {pd product} {ergonomic}

Logging:
Log output configuration:
 #0: stdout all=warning uptime,level,tags
 #1: stderr all=off uptime,level,tags

Environment Variables:
PATH=C:\Python312\Scripts\;C:\Python312\;C:\Windows\system32;C:\Windows;C:\Windows\System32\Wbem;C:\Windows\System32\WindowsPowerShell\v1.0\;C:\Windows\System32\OpenSSH\;C:\Program Files\nodejs\;C:\ProgramData\chocolatey\bin;C:\Program Files\Git\cmd;C:\Users\Carlos\AppData\Local\Microsoft\WindowsApps;C:\Users\Carlos\AppData\Local\Programs\Microsoft VS Code\bin;C:\Users\Carlos\AppData\Roaming\npm
USERNAME=Carlos
OS=Windows_NT
PROCESSOR_IDENTIFIER=Intel64 Family 6 Model 61 Stepping 4, GenuineIntel
TMP=C:\Users\Carlos\AppData\Local\Temp
TEMP=C:\Users\Carlos\AppData\Local\Temp


JNI global refs:
JNI global refs: 25, weak refs: 3

JNI global refs memory usage: 843, weak refs: 841

OOME stack traces (most recent first):
Classloader memory used:
Loader org.gradle.internal.classloader.VisitableURLClassLoader                         : 2733K
Loader bootstrap                                                                       : 2337K
Loader org.gradle.initialization.MixInLegacyTypesClassLoader                           : 659K
Loader jdk.internal.loader.ClassLoaders$PlatformClassLoader                            : 69242B
Loader org.gradle.internal.classloader.VisitableURLClassLoader                         : 52266B
Loader jdk.internal.loader.ClassLoaders$AppClassLoader                                 : 28352B
Loader jdk.internal.reflect.DelegatingClassLoader                                      : 24136B
Loader org.gradle.groovy.scripts.internal.DefaultScriptCompilationHandler$ScriptClassLoader: 9621B
Loader org.codehaus.groovy.runtime.callsite.CallSiteClassLoader                        : 2267B
Loader org.gradle.internal.classloader.VisitableURLClassLoader$InstrumentingVisitableURLClassLoader: 100B

Classes loaded by more than one classloader:
Class org.gradle.api.GradleException                                                  : loaded 3 times (x 80B)
Class org.gradle.util.GradleVersion                                                   : loaded 2 times (x 81B)
Class org.gradle.internal.classpath.ClassPath                                         : loaded 2 times (x 68B)
Class org.gradle.api.internal.classpath.DefaultModuleRegistry                         : loaded 2 times (x 84B)
Class org.gradle.api.Action                                                           : loaded 2 times (x 68B)
Class ijinit_bqt3v58sqk2qv3v07h1w0tllw                                                : loaded 2 times (x 177B)
Class org.gradle.api.internal.DefaultClassPathProvider                                : loaded 2 times (x 74B)
Class org.gradle.internal.installation.GradleInstallation$1                           : loaded 2 times (x 73B)
Class org.gradle.internal.exceptions.DefaultMultiCauseException                       : loaded 2 times (x 85B)
Class org.gradle.internal.time.MonotonicClock                                         : loaded 2 times (x 75B)
Class org.gradle.internal.classloader.FilteringClassLoader                            : loaded 2 times (x 102B)
Class org.gradle.internal.classpath.DefaultClassPath$ImmutableUniqueList$Builder      : loaded 2 times (x 73B)
Class org.gradle.internal.classloader.ClassLoaderVisitor                              : loaded 2 times (x 74B)
Class org.gradle.internal.time.DefaultCountdownTimer                                  : loaded 2 times (x 86B)
Class org.gradle.internal.service.DefaultServiceLocator                               : loaded 2 times (x 81B)
Class org.gradle.internal.service.UnknownServiceException                             : loaded 2 times (x 81B)
Class org.gradle.internal.classloader.DefaultClassLoaderFactory                       : loaded 2 times (x 80B)
Class sync_studio_tooling_e7gqw082hjamv8v3otmvagir7$_run_closure1                     : loaded 2 times (x 134B)
Class org.gradle.internal.classloader.VisitableURLClassLoader$Spec                    : loaded 2 times (x 72B)
Class org.gradle.tooling.model.ProjectModel                                           : loaded 2 times (x 68B)
Class org.gradle.internal.installation.GradleInstallation                             : loaded 2 times (x 73B)
Class org.gradle.api.internal.classpath.ModuleRegistry                                : loaded 2 times (x 68B)
Class org.gradle.api.internal.ClassPathProvider                                       : loaded 2 times (x 68B)
Class org.gradle.internal.classloader.ClasspathUtil$1                                 : loaded 2 times (x 74B)
Class org.gradle.internal.classloader.ClassLoaderFactory                              : loaded 2 times (x 68B)
Class org.gradle.api.internal.classpath.ManifestUtil                                  : loaded 2 times (x 69B)
Class org.gradle.api.specs.Spec                                                       : loaded 2 times (x 68B)
Class org.gradle.internal.IoActions                                                   : loaded 2 times (x 69B)
Class org.gradle.api.internal.classpath.EffectiveClassPath                            : loaded 2 times (x 88B)
Class org.gradle.internal.installation.CurrentGradleInstallation                      : loaded 2 times (x 71B)
Class org.gradle.internal.agents.InstrumentingClassLoader                             : loaded 2 times (x 68B)
Class org.gradle.internal.installation.CurrentGradleInstallationLocator               : loaded 2 times (x 69B)
Class org.gradle.api.internal.classpath.Module                                        : loaded 2 times (x 68B)
Class org.gradle.internal.service.CachingServiceLocator                               : loaded 2 times (x 80B)
Class org.gradle.internal.time.Timer                                                  : loaded 2 times (x 68B)
Class org.gradle.internal.classpath.DefaultClassPath                                  : loaded 2 times (x 88B)
Class org.gradle.internal.time.Time                                                   : loaded 2 times (x 69B)
Class org.gradle.internal.time.TimeSource$1                                           : loaded 2 times (x 75B)
Class org.gradle.internal.classloader.SystemClassLoaderSpec                           : loaded 2 times (x 69B)
Class kotlin.Function                                                                 : loaded 2 times (x 68B)
Class org.gradle.api.UncheckedIOException                                             : loaded 2 times (x 80B)
Class org.gradle.internal.time.CountdownTimer                                         : loaded 2 times (x 68B)
Class org.gradle.internal.time.Clock                                                  : loaded 2 times (x 68B)
Class org.gradle.internal.classloader.ClasspathUtil                                   : loaded 2 times (x 69B)
Class org.gradle.api.internal.DefaultClassPathRegistry                                : loaded 2 times (x 74B)
Class org.gradle.api.internal.classpath.DefaultModuleRegistry$DefaultModule           : loaded 2 times (x 84B)
Class org.gradle.internal.time.TimeSource                                             : loaded 2 times (x 68B)
Class org.gradle.api.internal.classpath.UnknownModuleException                        : loaded 2 times (x 80B)
Class org.gradle.internal.service.ServiceLookupException                              : loaded 2 times (x 80B)
Class org.gradle.cache.GlobalCache                                                    : loaded 2 times (x 68B)
Class [Lorg.gradle.api.internal.ClassPathProvider;                                    : loaded 2 times (x 67B)
Class org.gradle.internal.operations.MultipleBuildOperationFailures                   : loaded 2 times (x 85B)
Class org.gradle.util.internal.GUtil                                                  : loaded 2 times (x 69B)
Class org.gradle.internal.classloader.ClassLoaderSpec                                 : loaded 2 times (x 69B)
Class sync_studio_tooling_e7gqw082hjamv8v3otmvagir7                                   : loaded 2 times (x 177B)
Class org.gradle.internal.classloader.VisitableURLClassLoader                         : loaded 2 times (x 114B)
Class org.gradle.internal.Cast                                                        : loaded 2 times (x 69B)
Class org.gradle.api.internal.ClassPathRegistry                                       : loaded 2 times (x 68B)
Class org.gradle.internal.classloader.VisitableURLClassLoader$InstrumentingVisitableURLClassLoader: loaded 2 times (x 120B)
Class org.gradle.internal.classloader.ClassLoaderHierarchy                            : loaded 2 times (x 68B)
Class org.gradle.internal.exceptions.MultiCauseException                              : loaded 2 times (x 68B)
Class org.gradle.internal.InternalTransformer                                         : loaded 2 times (x 68B)
Class org.gradle.internal.service.ServiceLocator                                      : loaded 2 times (x 68B)
Class org.gradle.internal.classpath.DefaultClassPath$ImmutableUniqueList              : loaded 2 times (x 159B)
Class org.gradle.internal.time.DefaultTimer                                           : loaded 2 times (x 78B)
Class org.gradle.internal.classpath.TransformedClassPath                              : loaded 2 times (x 94B)


---------------  S Y S T E M  ---------------

OS:
 Windows 10 , 64 bit Build 19041 (10.0.19041.3636)
OS uptime: 5 days 22:38 hours

CPU: total 4 (initial active 4) (2 cores per cpu, 2 threads per core) family 6 model 61 stepping 4 microcode 0x2d, cx8, cmov, fxsr, ht, mmx, 3dnowpref, sse, sse2, sse3, ssse3, sse4.1, sse4.2, popcnt, lzcnt, tsc, tscinvbit, avx, avx2, aes, erms, clmul, bmi1, bmi2, adx, fma, vzeroupper, clflush

Memory: 4k page, system-wide physical 6057M (237M free)
TotalPageFile size 24489M (AvailPageFile size 6M)
current process WorkingSet (physical memory assigned to process): 248M, peak: 249M
current process commit charge ("private bytes"): 276M, peak: 278M

vm_info: OpenJDK 64-Bit Server VM (17.0.7+0-b2043.56-10550314) for windows-amd64 JRE (17.0.7+0-b2043.56-10550314), built on Jul 24 2023 18:27:45 by "androidbuild" with MS VC++ 16.10 / 16.11 (VS2019)

END.
